<?xml version="1.0" encoding="UTF-8" ?>
<testsuite tests="68" failures="0" name="com.AdeAyme.superMarioBros.TestSuite" time="12.834" errors="0" skipped="0">
  <properties>
    <property name="java.runtime.name" value="Java(TM) SE Runtime Environment"/>
    <property name="java.vm.version" value="19.0.1+10-21"/>
    <property name="sun.boot.library.path" value="C:\Program Files\Java\jdk-19\bin"/>
    <property name="maven.multiModuleProjectDirectory" value="C:\Users\Compu Star\OneDrive\Escritorio\Facultad\Ingenieria de Software\Proyecto Final Ing Software\superMarioBros"/>
    <property name="java.vm.vendor" value="Oracle Corporation"/>
    <property name="java.vendor.url" value="https://java.oracle.com/"/>
    <property name="guice.disable.misplaced.annotation.check" value="true"/>
    <property name="path.separator" value=";"/>
    <property name="java.vm.name" value="Java HotSpot(TM) 64-Bit Server VM"/>
    <property name="sun.os.patch.level" value=""/>
    <property name="user.script" value=""/>
    <property name="user.country" value="AR"/>
    <property name="sun.java.launcher" value="SUN_STANDARD"/>
    <property name="java.vm.specification.name" value="Java Virtual Machine Specification"/>
    <property name="user.dir" value="C:\Users\Compu Star\OneDrive\Escritorio\Facultad\Ingenieria de Software\Proyecto Final Ing Software\superMarioBros"/>
    <property name="java.vm.compressedOopsMode" value="Zero based"/>
    <property name="java.runtime.version" value="19.0.1+10-21"/>
    <property name="os.arch" value="amd64"/>
    <property name="java.io.tmpdir" value="C:\Users\COMPUS~1\AppData\Local\Temp\"/>
    <property name="line.separator" value="
"/>
    <property name="java.vm.specification.vendor" value="Oracle Corporation"/>
    <property name="user.variant" value=""/>
    <property name="stderr.encoding" value="cp850"/>
    <property name="os.name" value="Windows 11"/>
    <property name="classworlds.conf" value="C:\maven\bin\m2.conf"/>
    <property name="sun.jnu.encoding" value="Cp1252"/>
    <property name="stdout.encoding" value="cp850"/>
    <property name="java.library.path" value="C:\Program Files\Java\jdk-19\bin;C:\WINDOWS\Sun\Java\bin;C:\WINDOWS\system32;C:\WINDOWS;C:\ProgramData\Oracle\Java\javapath;C:\Program Files\Common Files\Oracle\Java\javapath;C:\WINDOWS\system32;C:\WINDOWS;C:\WINDOWS\System32\Wbem;C:\WINDOWS\System32\WindowsPowerShell\v1.0\;C:\WINDOWS\System32\OpenSSH\;C:\Program Files\Git\cmd;C:\Program Files\Java\jdk-19\bin;C:\maven\bin;C:\Program Files\nodejs\;C:\Program Files (x86)\Windows Live\Shared;C:\Program Files\PuTTY\;C:\Users\Compu Star\AppData\Local\Microsoft\WindowsApps;C:\w64devkit\bin;C:\Users\Compu Star\AppData\Local\spicetify;C:\Users\Compu Star\AppData\Local\Programs\Microsoft VS Code\bin;C:\Users\Compu Star\AppData\Roaming\npm;C:\Users\Compu Star\AppData\Local\GitHubDesktop\bin;."/>
    <property name="maven.conf" value="C:\maven/conf"/>
    <property name="jdk.debug" value="release"/>
    <property name="java.class.version" value="63.0"/>
    <property name="java.specification.name" value="Java Platform API Specification"/>
    <property name="sun.management.compiler" value="HotSpot 64-Bit Tiered Compilers"/>
    <property name="os.version" value="10.0"/>
    <property name="library.jansi.path" value="C:\maven\lib\jansi-native"/>
    <property name="user.home" value="C:\Users\Compu Star"/>
    <property name="user.timezone" value="America/Buenos_Aires"/>
    <property name="file.encoding" value="UTF-8"/>
    <property name="java.specification.version" value="19"/>
    <property name="user.name" value="Compu Star"/>
    <property name="java.class.path" value="C:\maven\boot\plexus-classworlds-2.6.0.jar"/>
    <property name="java.vm.specification.version" value="19"/>
    <property name="sun.arch.data.model" value="64"/>
    <property name="sun.java.command" value="org.codehaus.plexus.classworlds.launcher.Launcher clean install package"/>
    <property name="java.home" value="C:\Program Files\Java\jdk-19"/>
    <property name="user.language" value="es"/>
    <property name="java.specification.vendor" value="Oracle Corporation"/>
    <property name="java.vm.info" value="mixed mode, sharing"/>
    <property name="java.version" value="19.0.1"/>
    <property name="native.encoding" value="Cp1252"/>
    <property name="java.vendor" value="Oracle Corporation"/>
    <property name="maven.home" value="C:\maven"/>
    <property name="file.separator" value="\"/>
    <property name="java.version.date" value="2022-10-18"/>
    <property name="java.vendor.url.bug" value="https://bugreport.java.com/bugreport/"/>
    <property name="sun.io.unicode.encoding" value="UnicodeLittle"/>
    <property name="sun.cpu.endian" value="little"/>
    <property name="sun.cpu.isalist" value="amd64"/>
  </properties>
  <testcase classname="com.AdeAyme.superMarioBros.modelTest.BricksTest" name="getPrizeTest" time="0.012"/>
  <testcase classname="com.AdeAyme.superMarioBros.modelTest.BricksTest" name="revealTest" time="0.781"/>
  <testcase classname="com.AdeAyme.superMarioBros.modelTest.BricksTest" name="isBreakableTest" time="0.013"/>
  <testcase classname="com.AdeAyme.superMarioBros.modelTest.BricksTest" name="getFramesTest" time="0.012"/>
  <testcase classname="com.AdeAyme.superMarioBros.modelTest.BricksTest" name="isEmptyTest" time="0.014"/>
  <testcase classname="com.AdeAyme.superMarioBros.modelTest.BricksTest" name="animateTest" time="0.011"/>
  <testcase classname="com.AdeAyme.superMarioBros.modelTest.CoinTest" name="revealTest" time="0"/>
  <testcase classname="com.AdeAyme.superMarioBros.modelTest.CoinTest" name="updateLocationTest" time="0"/>
  <testcase classname="com.AdeAyme.superMarioBros.modelTest.CoinTest" name="createCoinTest" time="0"/>
  <testcase classname="com.AdeAyme.superMarioBros.modelTest.CoinTest" name="onTouchTest" time="0.798"/>
  <testcase classname="com.AdeAyme.superMarioBros.modelTest.CoinTest" name="getRevealBoundaryTest" time="0"/>
  <testcase classname="com.AdeAyme.superMarioBros.modelTest.FireFlowerTest" name="onTouchTest" time="0.76"/>
  <testcase classname="com.AdeAyme.superMarioBros.modelTest.FireFlowerTest" name="createFireFlowerTest" time="0"/>
  <testcase classname="com.AdeAyme.superMarioBros.modelTest.MarioTest" name="onTouchEnemyTest" time="0.758"/>
  <testcase classname="com.AdeAyme.superMarioBros.modelTest.MarioTest" name="fireTest" time="0.758"/>
  <testcase classname="com.AdeAyme.superMarioBros.modelTest.MarioTest" name="jumpTest" time="0.71"/>
  <testcase classname="com.AdeAyme.superMarioBros.modelTest.MarioTest" name="moveTest" time="0.012"/>
  <testcase classname="com.AdeAyme.superMarioBros.modelTest.MarioTest" name="createMarioTest" time="0.012"/>
  <testcase classname="com.AdeAyme.superMarioBros.modelTest.MarioTest" name="resetTest" time="0.744"/>
  <testcase classname="com.AdeAyme.superMarioBros.modelTest.SuperMushroomTest" name="onTouchTest" time="0.709"/>
  <testcase classname="com.AdeAyme.superMarioBros.modelTest.SuperMushroomTest" name="createSuperMushroomTest" time="0"/>
  <testcase classname="com.AdeAyme.superMarioBros.modelTest.GoombaTest" name="updateTest" time="0.001"/>
  <testcase classname="com.AdeAyme.superMarioBros.modelTest.KoopaTroopaTest" name="updateTest" time="0"/>
  <testcase classname="com.AdeAyme.superMarioBros.modelTest.FireballTest" name="createFireballTest" time="0"/>
  <testcase classname="com.AdeAyme.superMarioBros.modelTest.MarioFireTest" name="onTouchEnemyTest" time="0.038"/>
  <testcase classname="com.AdeAyme.superMarioBros.modelTest.MarioFireTest" name="createMarioFireTest" time="0.025"/>
  <testcase classname="com.AdeAyme.superMarioBros.modelTest.MarioNormalTest" name="onTouchEnemyTest" time="0.012"/>
  <testcase classname="com.AdeAyme.superMarioBros.modelTest.MarioNormalTest" name="createMarioNormalTest" time="0.012"/>
  <testcase classname="com.AdeAyme.superMarioBros.modelTest.MarioSuperTest" name="onTouchEnemyTest" time="0.025"/>
  <testcase classname="com.AdeAyme.superMarioBros.modelTest.MarioSuperTest" name="createMarioSuperTest" time="0.011"/>
  <testcase classname="com.AdeAyme.superMarioBros.modelTest.OneUpMushroomTest" name="createOneUpMushroomTest" time="0"/>
  <testcase classname="com.AdeAyme.superMarioBros.modelTest.OneUpMushroomTest" name="onTouchTest" time="0.739"/>
  <testcase classname="com.AdeAyme.superMarioBros.modelTest.EndFlagTest" name="updateLocationTest" time="0"/>
  <testcase classname="com.AdeAyme.superMarioBros.modelTest.EndFlagTest" name="createEndFlagTest" time="0"/>
  <testcase classname="com.AdeAyme.superMarioBros.modelTest.BoostItemTest" name="updateLocationTest" time="0"/>
  <testcase classname="com.AdeAyme.superMarioBros.modelTest.BoostItemTest" name="reveal" time="0"/>
  <testcase classname="com.AdeAyme.superMarioBros.modelTest.BoostItemTest" name="createBoostItemTest" time="0"/>
  <testcase classname="com.AdeAyme.superMarioBros.modelTest.BoostItemTest" name="onTouchTest" time="0.756"/>
  <testcase classname="com.AdeAyme.superMarioBros.modelTest.BoostItemTest" name="getPointTest" time="0"/>
  <testcase classname="com.AdeAyme.superMarioBros.modelTest.GameObjectTest" name="createGameObjectTest" time="0.013"/>
  <testcase classname="com.AdeAyme.superMarioBros.modelTest.GameObjectTest" name="updateLocationTest" time="0.011"/>
  <testcase classname="com.AdeAyme.superMarioBros.modelTest.GameObjectTest" name="getGravityAccTest" time="0.012"/>
  <testcase classname="com.AdeAyme.superMarioBros.modelTest.GameObjectTest" name="setDimensionTest" time="0.011"/>
  <testcase classname="com.AdeAyme.superMarioBros.modelTest.MapTest" name="updateTimeTest" time="0"/>
  <testcase classname="com.AdeAyme.superMarioBros.modelTest.MapTest" name="updateLocationTest" time="0.023"/>
  <testcase classname="com.AdeAyme.superMarioBros.modelTest.MapTest" name="addAndGetBricksTest" time="0.011"/>
  <testcase classname="com.AdeAyme.superMarioBros.modelTest.MapTest" name="addAndGetEnemiesTest" time="0"/>
  <testcase classname="com.AdeAyme.superMarioBros.modelTest.MapTest" name="setAndGetPathTest" time="0"/>
  <testcase classname="com.AdeAyme.superMarioBros.modelTest.MapTest" name="getBottomBorderTest" time="0"/>
  <testcase classname="com.AdeAyme.superMarioBros.modelTest.MapTest" name="isTimeOverTest" time="0"/>
  <testcase classname="com.AdeAyme.superMarioBros.modelTest.MapTest" name="setAndGetEndPointTest" time="0"/>
  <testcase classname="com.AdeAyme.superMarioBros.modelTest.MapTest" name="addGetAndRemoveRevealedPrizeTest" time="0"/>
  <testcase classname="com.AdeAyme.superMarioBros.modelTest.MapTest" name="addGetAndRemoveFireballsTest" time="0"/>
  <testcase classname="com.AdeAyme.superMarioBros.viewTest.AnimationTest" name="animateTest" time="0.003"/>
  <testcase classname="com.AdeAyme.superMarioBros.viewTest.UIManagerTest" name="selectMapViaMouseTest" time="0.929"/>
  <testcase classname="com.AdeAyme.superMarioBros.viewTest.UIManagerTest" name="selectMapViaKeyboardTest" time="0.906"/>
  <testcase classname="com.AdeAyme.superMarioBros.viewTest.UIManagerTest" name="changeSelectedMapTest" time="0.843"/>
  <testcase classname="com.AdeAyme.superMarioBros.viewTest.UIManagerTest" name="creatUIManagerTest" time="0.798"/>
  <testcase classname="com.AdeAyme.superMarioBros.viewTest.MapSelectionItemTest" name="createMapSelectionItemTest" time="0.012"/>
  <testcase classname="com.AdeAyme.superMarioBros.viewTest.MapSelectionItemTest" name="setNameTest" time="0.013"/>
  <testcase classname="com.AdeAyme.superMarioBros.viewTest.MapSelectionItemTest" name="setDimensionTest" time="0.013"/>
  <testcase classname="com.AdeAyme.superMarioBros.viewTest.MapSelectionTest" name="changeSelectedMapTest" time="0.026"/>
  <testcase classname="com.AdeAyme.superMarioBros.viewTest.MapSelectionTest" name="selectMapIndexTest" time="0.025"/>
  <testcase classname="com.AdeAyme.superMarioBros.viewTest.MapSelectionTest" name="selectMapMouseTest" time="0.027"/>
  <testcase classname="com.AdeAyme.superMarioBros.controllerTest.CameraTest" name="moveCamTest" time="0"/>
  <testcase classname="com.AdeAyme.superMarioBros.controllerTest.CameraTest" name="setAndGetYTest" time="0"/>
  <testcase classname="com.AdeAyme.superMarioBros.controllerTest.GameEngineTest" name="initTest" time="0.738"/>
  <testcase classname="com.AdeAyme.superMarioBros.controllerTest.GameEngineTest" name="receiveInputTest" time="0.697"/>
</testsuite>